<?xml version="1.0" encoding="UTF-8" standalone="no"?><testsuite errors="1" failures="0" name="Login and update personal information" skipped="0" tests="1" time="0.2" timestamp="2025-05-20 04:55:31"><testcase name="Login, update info, assign salary, interact with Buzz and logout"><error message="java.net.UnknownHostException: chromedriver.storage.googleapis.com" type="io.github.bonigarcia.wdm.config.WebDriverManagerException">java.net.UnknownHostException: chromedriver.storage.googleapis.com</error><system-err>java.net.UnknownHostException: chromedriver.storage.googleapis.com&#13;
io.github.bonigarcia.wdm.WebDriverManager.getDriversFromXml(WebDriverManager.java:1558)&#13;
io.github.bonigarcia.wdm.managers.ChromeDriverManager.getDriverUrls(ChromeDriverManager.java:108)&#13;
io.github.bonigarcia.wdm.WebDriverManager.createUrlHandler(WebDriverManager.java:1425)&#13;
io.github.bonigarcia.wdm.WebDriverManager.download(WebDriverManager.java:1253)&#13;
io.github.bonigarcia.wdm.WebDriverManager.manage(WebDriverManager.java:1172)&#13;
io.github.bonigarcia.wdm.WebDriverManager.fallback(WebDriverManager.java:1420)&#13;
io.github.bonigarcia.wdm.WebDriverManager.handleException(WebDriverManager.java:1401)&#13;
io.github.bonigarcia.wdm.WebDriverManager.manage(WebDriverManager.java:1178)&#13;
io.github.bonigarcia.wdm.WebDriverManager.handleException(WebDriverManager.java:1394)&#13;
io.github.bonigarcia.wdm.WebDriverManager.manage(WebDriverManager.java:1178)&#13;
io.github.bonigarcia.wdm.WebDriverManager.setup(WebDriverManager.java:420)&#13;
stepsDefinitions.LoginStep.setup(LoginStep.java:20)&#13;
io.cucumber.java.Invoker.doInvoke(Invoker.java:66)&#13;
io.cucumber.java.Invoker.invoke(Invoker.java:24)&#13;
io.cucumber.java.AbstractGlueDefinition.invokeMethod(AbstractGlueDefinition.java:47)&#13;
io.cucumber.java.JavaHookDefinition.execute(JavaHookDefinition.java:64)&#13;
io.cucumber.core.runner.CoreHookDefinition.execute(CoreHookDefinition.java:46)&#13;
io.cucumber.core.runner.HookDefinitionMatch.runStep(HookDefinitionMatch.java:21)&#13;
io.cucumber.core.runner.TestStep.executeStep(TestStep.java:84)&#13;
io.cucumber.core.runner.TestStep.run(TestStep.java:56)&#13;
io.cucumber.core.runner.TestCase.run(TestCase.java:78)&#13;
io.cucumber.core.runner.Runner.runPickle(Runner.java:75)&#13;
io.cucumber.core.runtime.CucumberExecutionContext.lambda$runTestCase$5(CucumberExecutionContext.java:130)&#13;
io.cucumber.core.runtime.RethrowingThrowableCollector.executeAndThrow(RethrowingThrowableCollector.java:23)&#13;
io.cucumber.core.runtime.CucumberExecutionContext.runTestCase(CucumberExecutionContext.java:130)&#13;
io.cucumber.junit.FeatureRunner.runChild(FeatureRunner.java:144)&#13;
io.cucumber.junit.FeatureRunner.runChild(FeatureRunner.java:28)&#13;
io.cucumber.junit.FeatureRunner.run(FeatureRunner.java:137)&#13;
io.cucumber.junit.CucumberSerenityRunner.runChild(CucumberSerenityRunner.java:259)&#13;
io.cucumber.junit.CucumberSerenityRunner.runChild(CucumberSerenityRunner.java:59)&#13;
worker.org.gradle.process.internal.worker.GradleWorkerMain.run(GradleWorkerMain.java:69)&#13;
worker.org.gradle.process.internal.worker.GradleWorkerMain.main(GradleWorkerMain.java:74)&#13;
</system-err></testcase></testsuite>